<?xml version="1.0" encoding="UTF-8"?>
<!-- Generated by org.testng.reporters.JUnitReportReporter -->
<testsuite skipped="0" hostname="LAPTOP-536DDDD7" name="testCases.DeleteProduct" tests="1" failures="0" timestamp="26 Jun 2021 17:49:20 GMT" time="4.661" errors="0">
  <testcase name="Delete_A_Products" time="4.661" classname="testCases.DeleteProduct"/>
</testsuite> <!-- testCases.DeleteProduct -->
