<?xml version="1.0" encoding="UTF-8"?>
<!-- Generated by org.testng.reporters.JUnitReportReporter -->
<testsuite skipped="0" hostname="LAPTOP-536DDDD7" name="testCases.UpdateProduct" tests="1" failures="0" timestamp="26 Jun 2021 17:45:19 GMT" time="4.049" errors="0">
  <testcase name="Update_A_Products" time="4.049" classname="testCases.UpdateProduct"/>
</testsuite> <!-- testCases.UpdateProduct -->
