<?xml version="1.0" encoding="UTF-8"?>
<!-- Generated by org.testng.reporters.JUnitReportReporter -->
<testsuite skipped="0" hostname="LAPTOP-536DDDD7" name="testCases.CreateProduct" tests="1" failures="0" timestamp="26 Jun 2021 17:08:26 GMT" time="6.678" errors="0">
  <testcase name="A_Products" time="6.678" classname="testCases.CreateProduct"/>
</testsuite> <!-- testCases.CreateProduct -->
