<?xml version="1.0" encoding="UTF-8"?>
<!-- Generated by org.testng.reporters.JUnitReportReporter -->
<testsuite skipped="0" hostname="LAPTOP-536DDDD7" name="testCases.ReadAllProducts" tests="1" failures="0" timestamp="26 Jun 2021 18:18:12 GMT" time="4.072" errors="0">
  <testcase name="All_Products" time="4.072" classname="testCases.ReadAllProducts"/>
</testsuite> <!-- testCases.ReadAllProducts -->
